Failed  2024-06-30 10:05:01
Failed  2024-06-30 10:05:01
Failed  2024-06-30 10:05:02
Failed can't resolve hostname ( Failed )
can't resolve hostname ( Failed ) 2024-06-30 10:07:58
Failed can't resolve hostname ( Failed )
can't resolve hostname ( Failed ) 2024-06-30 10:07:58
Failed can't resolve hostname ( Failed )
can't resolve hostname ( Failed ) 2024-06-30 10:07:58
Failed can't resolve hostname ( Failed )
can't resolve hostname ( Failed ) 2024-06-30 10:10:01
Failed can't resolve hostname ( Failed )
can't resolve hostname ( Failed ) 2024-06-30 10:10:01
Failed can't resolve hostname ( Failed )
can't resolve hostname ( Failed ) 2024-06-30 10:10:01
Failed can't resolve hostname ( Failed )
can't resolve hostname ( Failed ) 2024-06-30 10:10:01
Failed can't resolve hostname ( Failed )
can't resolve hostname ( Failed ) 2024-06-30 10:12:10
Failed can't resolve hostname ( Failed )
can't resolve hostname ( Failed ) 2024-06-30 10:12:10
Failed can't resolve hostname ( Failed )
can't resolve hostname ( Failed ) 2024-06-30 10:12:15
Failed can't resolve hostname ( Failed )
can't resolve hostname ( Failed ) 2024-06-30 10:12:15
Failed can't resolve hostname ( Failed )
can't resolve hostname ( Failed ) 2024-06-30 10:12:15
Failed can't resolve hostname ( Failed )
can't resolve hostname ( Failed ) 2024-06-30 10:15:02
Failed can't resolve hostname ( Failed )
can't resolve hostname ( Failed ) 2024-06-30 10:15:02
Failed can't resolve hostname ( Failed )
can't resolve hostname ( Failed ) 2024-06-30 10:15:02
Failed can't resolve hostname ( Failed )
can't resolve hostname ( Failed ) 2024-06-30 10:15:02
Failed can't resolve hostname ( Failed )
can't resolve hostname ( Failed ) 2024-06-30 10:15:02
Failed can't resolve hostname ( Failed )
can't resolve hostname ( Failed ) 2024-06-30 10:15:02
Failed can't resolve hostname ( Failed )
can't resolve hostname ( Failed ) 2024-06-30 10:20:02
Failed can't resolve hostname ( Failed )
can't resolve hostname ( Failed ) 2024-06-30 10:20:02
Failed can't resolve hostname ( Failed )
can't resolve hostname ( Failed ) 2024-06-30 10:20:02
Failed can't resolve hostname ( Failed )
can't resolve hostname ( Failed ) 2024-06-30 10:20:02
Failed can't resolve hostname ( Failed )
can't resolve hostname ( Failed ) 2024-06-30 10:20:02
Failed can't resolve hostname ( Failed )
can't resolve hostname ( Failed ) 2024-06-30 10:20:07
Failed can't resolve hostname ( Failed )
can't resolve hostname ( Failed ) 2024-06-30 10:20:07
Failed can't resolve hostname ( Failed )
can't resolve hostname ( Failed ) 2024-06-30 10:25:02
Failed can't resolve hostname ( Failed )
can't resolve hostname ( Failed ) 2024-06-30 10:25:07
Failed can't resolve hostname ( Failed )
can't resolve hostname ( Failed ) 2024-06-30 10:25:07
Failed can't resolve hostname ( Failed )
can't resolve hostname ( Failed ) 2024-06-30 10:25:07
Failed can't resolve hostname ( Failed )
can't resolve hostname ( Failed ) 2024-06-30 10:25:07
Failed can't resolve hostname ( Failed )
can't resolve hostname ( Failed ) 2024-06-30 10:25:07
Failed can't resolve hostname ( Failed )
can't resolve hostname ( Failed ) 2024-06-30 10:25:07
Failed can't resolve hostname ( Failed )
can't resolve hostname ( Failed ) 2024-06-30 10:25:07
Failed can't resolve hostname ( Failed )
can't resolve hostname ( Failed ) 2024-06-30 10:30:02
Failed can't resolve hostname ( Failed )
can't resolve hostname ( Failed ) 2024-06-30 10:30:02
Failed can't resolve hostname ( Failed )
can't resolve hostname ( Failed ) 2024-06-30 10:30:02
Failed can't resolve hostname ( Failed )
can't resolve hostname ( Failed ) 2024-06-30 10:30:07
Failed can't resolve hostname ( Failed )
can't resolve hostname ( Failed ) 2024-06-30 10:30:07
Failed can't resolve hostname ( Failed )
can't resolve hostname ( Failed ) 2024-06-30 10:30:07
Failed can't resolve hostname ( Failed )
can't resolve hostname ( Failed ) 2024-06-30 10:30:07
Failed can't resolve hostname ( Failed )
can't resolve hostname ( Failed ) 2024-06-30 10:30:07
Failed can't resolve hostname ( Failed )
can't resolve hostname ( Failed ) 2024-06-30 10:30:08
Failed can't resolve hostname ( Failed )
can't resolve hostname ( Failed ) 2024-06-30 10:35:01
Failed can't resolve hostname ( Failed )
can't resolve hostname ( Failed ) 2024-06-30 10:35:01
Failed can't resolve hostname ( Failed )
can't resolve hostname ( Failed ) 2024-06-30 10:35:01
Failed can't resolve hostname ( Failed )
can't resolve hostname ( Failed ) 2024-06-30 10:35:01
Failed can't resolve hostname ( Failed )
can't resolve hostname ( Failed ) 2024-06-30 10:35:01
Failed can't resolve hostname ( Failed )
can't resolve hostname ( Failed ) 2024-06-30 10:35:01
Failed can't resolve hostname ( Failed )
can't resolve hostname ( Failed ) 2024-06-30 10:35:02
Failed can't resolve hostname ( Failed )
can't resolve hostname ( Failed ) 2024-06-30 10:35:02
Failed can't resolve hostname ( Failed )
can't resolve hostname ( Failed ) 2024-06-30 10:35:02
Failed can't resolve hostname ( Failed )
can't resolve hostname ( Failed ) 2024-06-30 10:35:02
Failed can't resolve hostname ( Failed )
can't resolve hostname ( Failed ) 2024-06-30 10:40:01
Failed can't resolve hostname ( Failed )
can't resolve hostname ( Failed ) 2024-06-30 10:40:01
Failed can't resolve hostname ( Failed )
can't resolve hostname ( Failed ) 2024-06-30 10:40:01
Failed can't resolve hostname ( Failed )
can't resolve hostname ( Failed ) 2024-06-30 10:40:01
Failed can't resolve hostname ( Failed )
can't resolve hostname ( Failed ) 2024-06-30 10:40:02
Failed can't resolve hostname ( Failed )
can't resolve hostname ( Failed ) 2024-06-30 10:40:02
Failed can't resolve hostname ( Failed )
can't resolve hostname ( Failed ) 2024-06-30 10:40:02
Failed can't resolve hostname ( Failed )
can't resolve hostname ( Failed ) 2024-06-30 10:40:02
Failed can't resolve hostname ( Failed )
can't resolve hostname ( Failed ) 2024-06-30 10:40:02
Failed can't resolve hostname ( Failed )
can't resolve hostname ( Failed ) 2024-06-30 10:40:02
Failed can't resolve hostname ( Failed )
can't resolve hostname ( Failed ) 2024-06-30 10:40:02
Failed can't resolve hostname ( Failed )
can't resolve hostname ( Failed ) 2024-06-30 10:45:02
Failed can't resolve hostname ( Failed )
can't resolve hostname ( Failed ) 2024-06-30 10:45:02
Failed can't resolve hostname ( Failed )
can't resolve hostname ( Failed ) 2024-06-30 10:45:02
Failed can't resolve hostname ( Failed )
can't resolve hostname ( Failed ) 2024-06-30 10:45:02
Failed can't resolve hostname ( Failed )
can't resolve hostname ( Failed ) 2024-06-30 10:45:07
Failed can't resolve hostname ( Failed )
can't resolve hostname ( Failed ) 2024-06-30 10:45:07
Failed can't resolve hostname ( Failed )
can't resolve hostname ( Failed ) 2024-06-30 10:45:07
Failed can't resolve hostname ( Failed )
can't resolve hostname ( Failed ) 2024-06-30 10:45:07
Failed can't resolve hostname ( Failed )
can't resolve hostname ( Failed ) 2024-06-30 10:45:07
Failed can't resolve hostname ( Failed )
can't resolve hostname ( Failed ) 2024-06-30 10:45:08
Failed can't resolve hostname ( Failed )
can't resolve hostname ( Failed ) 2024-06-30 10:45:08
Failed can't resolve hostname ( Failed )
can't resolve hostname ( Failed ) 2024-06-30 10:45:08
Failed can't resolve hostname ( Failed )
can't resolve hostname ( Failed ) 2024-06-30 10:50:01
Failed can't resolve hostname ( Failed )
can't resolve hostname ( Failed ) 2024-06-30 10:50:01
Failed can't resolve hostname ( Failed )
can't resolve hostname ( Failed ) 2024-06-30 10:50:01
Failed can't resolve hostname ( Failed )
can't resolve hostname ( Failed ) 2024-06-30 10:50:01
Failed can't resolve hostname ( Failed )
can't resolve hostname ( Failed ) 2024-06-30 10:50:02
Failed can't resolve hostname ( Failed )
can't resolve hostname ( Failed ) 2024-06-30 10:50:02
Failed can't resolve hostname ( Failed )
can't resolve hostname ( Failed ) 2024-06-30 10:50:02
Failed can't resolve hostname ( Failed )
can't resolve hostname ( Failed ) 2024-06-30 10:50:02
Failed can't resolve hostname ( Failed )
can't resolve hostname ( Failed ) 2024-06-30 10:50:02
Failed can't resolve hostname ( Failed )
can't resolve hostname ( Failed ) 2024-06-30 10:50:02
Failed can't resolve hostname ( Failed )
can't resolve hostname ( Failed ) 2024-06-30 10:50:02
Failed can't resolve hostname ( Failed )
can't resolve hostname ( Failed ) 2024-06-30 10:50:07
Failed can't resolve hostname ( Failed )
can't resolve hostname ( Failed ) 2024-06-30 10:50:07
Failed can't resolve hostname ( Failed )
can't resolve hostname ( Failed ) 2024-06-30 10:55:01
Failed can't resolve hostname ( Failed )
can't resolve hostname ( Failed ) 2024-06-30 10:55:01
Failed can't resolve hostname ( Failed )
can't resolve hostname ( Failed ) 2024-06-30 10:55:01
Failed can't resolve hostname ( Failed )
can't resolve hostname ( Failed ) 2024-06-30 10:55:01
Failed can't resolve hostname ( Failed )
can't resolve hostname ( Failed ) 2024-06-30 10:55:01
Failed can't resolve hostname ( Failed )
can't resolve hostname ( Failed ) 2024-06-30 10:55:01
Failed can't resolve hostname ( Failed )
can't resolve hostname ( Failed ) 2024-06-30 10:55:01
Failed can't resolve hostname ( Failed )
can't resolve hostname ( Failed ) 2024-06-30 10:55:01
Failed can't resolve hostname ( Failed )
can't resolve hostname ( Failed ) 2024-06-30 10:55:02
Failed can't resolve hostname ( Failed )
can't resolve hostname ( Failed ) 2024-06-30 10:55:02
Failed can't resolve hostname ( Failed )
can't resolve hostname ( Failed ) 2024-06-30 10:55:02
Failed can't resolve hostname ( Failed )
can't resolve hostname ( Failed ) 2024-06-30 10:55:02
Failed can't resolve hostname ( Failed )
can't resolve hostname ( Failed ) 2024-06-30 10:55:02
Failed can't resolve hostname ( Failed )
can't resolve hostname ( Failed ) 2024-06-30 10:55:02
Failed can't resolve hostname ( Failed )
can't resolve hostname ( Failed ) 2024-06-30 11:00:01
Failed can't resolve hostname ( Failed )
can't resolve hostname ( Failed ) 2024-06-30 11:00:01
Failed can't resolve hostname ( Failed )
can't resolve hostname ( Failed ) 2024-06-30 11:00:02
Failed can't resolve hostname ( Failed )
can't resolve hostname ( Failed ) 2024-06-30 11:00:02
Failed can't resolve hostname ( Failed )
can't resolve hostname ( Failed ) 2024-06-30 11:00:02
Failed can't resolve hostname ( Failed )
can't resolve hostname ( Failed ) 2024-06-30 11:00:02
Failed can't resolve hostname ( Failed )
can't resolve hostname ( Failed ) 2024-06-30 11:00:02
Failed can't resolve hostname ( Failed )
can't resolve hostname ( Failed ) 2024-06-30 11:00:02
Failed can't resolve hostname ( Failed )
can't resolve hostname ( Failed ) 2024-06-30 11:00:02
Failed can't resolve hostname ( Failed )
can't resolve hostname ( Failed ) 2024-06-30 11:00:02
Failed can't resolve hostname ( Failed )
can't resolve hostname ( Failed ) 2024-06-30 11:00:02
Failed can't resolve hostname ( Failed )
can't resolve hostname ( Failed ) 2024-06-30 11:00:02
Failed can't resolve hostname ( Failed )
can't resolve hostname ( Failed ) 2024-06-30 11:00:02
Failed can't resolve hostname ( Failed )
can't resolve hostname ( Failed ) 2024-06-30 11:00:02
Failed can't resolve hostname ( Failed )
can't resolve hostname ( Failed ) 2024-06-30 11:00:03
Failed can't resolve hostname ( Failed )
can't resolve hostname ( Failed ) 2024-06-30 11:05:01
Failed can't resolve hostname ( Failed )
can't resolve hostname ( Failed ) 2024-06-30 11:05:01
Failed can't resolve hostname ( Failed )
can't resolve hostname ( Failed ) 2024-06-30 11:05:01
Failed can't resolve hostname ( Failed )
can't resolve hostname ( Failed ) 2024-06-30 11:05:01
Failed can't resolve hostname ( Failed )
can't resolve hostname ( Failed ) 2024-06-30 11:05:01
Failed can't resolve hostname ( Failed )
can't resolve hostname ( Failed ) 2024-06-30 11:05:01
Failed can't resolve hostname ( Failed )
can't resolve hostname ( Failed ) 2024-06-30 11:05:01
Failed can't resolve hostname ( Failed )
can't resolve hostname ( Failed ) 2024-06-30 11:05:02
Failed can't resolve hostname ( Failed )
can't resolve hostname ( Failed ) 2024-06-30 11:05:02
Failed can't resolve hostname ( Failed )
can't resolve hostname ( Failed ) 2024-06-30 11:05:02
Failed can't resolve hostname ( Failed )
can't resolve hostname ( Failed ) 2024-06-30 11:05:02
Failed can't resolve hostname ( Failed )
can't resolve hostname ( Failed ) 2024-06-30 11:05:02
Failed can't resolve hostname ( Failed )
can't resolve hostname ( Failed ) 2024-06-30 11:05:02
Failed can't resolve hostname ( Failed )
can't resolve hostname ( Failed ) 2024-06-30 11:05:02
Failed can't resolve hostname ( Failed )
can't resolve hostname ( Failed ) 2024-06-30 11:05:02
Failed can't resolve hostname ( Failed )
can't resolve hostname ( Failed ) 2024-06-30 11:05:03
Failed can't resolve hostname ( Failed )
can't resolve hostname ( Failed ) 2024-06-30 11:10:01
Failed can't resolve hostname ( Failed )
can't resolve hostname ( Failed ) 2024-06-30 11:10:01
Failed can't resolve hostname ( Failed )
can't resolve hostname ( Failed ) 2024-06-30 11:10:01
Failed can't resolve hostname ( Failed )
can't resolve hostname ( Failed ) 2024-06-30 11:10:01
Failed can't resolve hostname ( Failed )
can't resolve hostname ( Failed ) 2024-06-30 11:10:01
Failed can't resolve hostname ( Failed )
can't resolve hostname ( Failed ) 2024-06-30 11:10:01
Failed can't resolve hostname ( Failed )
can't resolve hostname ( Failed ) 2024-06-30 11:10:02
Failed can't resolve hostname ( Failed )
can't resolve hostname ( Failed ) 2024-06-30 11:10:02
Failed can't resolve hostname ( Failed )
can't resolve hostname ( Failed ) 2024-06-30 11:10:02
Failed can't resolve hostname ( Failed )
can't resolve hostname ( Failed ) 2024-06-30 11:10:02
Failed can't resolve hostname ( Failed )
can't resolve hostname ( Failed ) 2024-06-30 11:10:02
Failed can't resolve hostname ( Failed )
can't resolve hostname ( Failed ) 2024-06-30 11:10:07
Failed can't resolve hostname ( Failed )
can't resolve hostname ( Failed ) 2024-06-30 11:10:07
Failed can't resolve hostname ( Failed )
can't resolve hostname ( Failed ) 2024-06-30 11:10:07
Failed can't resolve hostname ( Failed )
can't resolve hostname ( Failed ) 2024-06-30 11:10:07
Failed can't resolve hostname ( Failed )
can't resolve hostname ( Failed ) 2024-06-30 11:10:07
Failed can't resolve hostname ( Failed )
can't resolve hostname ( Failed ) 2024-06-30 11:10:08
Failed can't resolve hostname ( Failed )
can't resolve hostname ( Failed ) 2024-06-30 11:15:01
Failed can't resolve hostname ( Failed )
can't resolve hostname ( Failed ) 2024-06-30 11:15:01
Failed can't resolve hostname ( Failed )
can't resolve hostname ( Failed ) 2024-06-30 11:15:01
Failed can't resolve hostname ( Failed )
can't resolve hostname ( Failed ) 2024-06-30 11:15:01
Failed can't resolve hostname ( Failed )
can't resolve hostname ( Failed ) 2024-06-30 11:15:01
Failed can't resolve hostname ( Failed )
can't resolve hostname ( Failed ) 2024-06-30 11:15:01
Failed can't resolve hostname ( Failed )
can't resolve hostname ( Failed ) 2024-06-30 11:15:01
Failed can't resolve hostname ( Failed )
can't resolve hostname ( Failed ) 2024-06-30 11:15:02
Failed can't resolve hostname ( Failed )
can't resolve hostname ( Failed ) 2024-06-30 11:15:02
Failed can't resolve hostname ( Failed )
can't resolve hostname ( Failed ) 2024-06-30 11:15:02
Failed can't resolve hostname ( Failed )
can't resolve hostname ( Failed ) 2024-06-30 11:15:02
Failed can't resolve hostname ( Failed )
can't resolve hostname ( Failed ) 2024-06-30 11:15:02
Failed can't resolve hostname ( Failed )
can't resolve hostname ( Failed ) 2024-06-30 11:15:02
Failed can't resolve hostname ( Failed )
can't resolve hostname ( Failed ) 2024-06-30 11:15:02
Failed can't resolve hostname ( Failed )
can't resolve hostname ( Failed ) 2024-06-30 11:15:02
Failed can't resolve hostname ( Failed )
can't resolve hostname ( Failed ) 2024-06-30 11:15:02
Failed can't resolve hostname ( Failed )
can't resolve hostname ( Failed ) 2024-06-30 11:15:03
Failed can't resolve hostname ( Failed )
can't resolve hostname ( Failed ) 2024-06-30 11:15:03
Failed can't resolve hostname ( Failed )
can't resolve hostname ( Failed ) 2024-06-30 11:20:01
Failed can't resolve hostname ( Failed )
can't resolve hostname ( Failed ) 2024-06-30 11:20:01
Failed can't resolve hostname ( Failed )
can't resolve hostname ( Failed ) 2024-06-30 11:20:01
Failed can't resolve hostname ( Failed )
can't resolve hostname ( Failed ) 2024-06-30 11:20:01
Failed can't resolve hostname ( Failed )
can't resolve hostname ( Failed ) 2024-06-30 11:20:01
Failed can't resolve hostname ( Failed )
can't resolve hostname ( Failed ) 2024-06-30 11:20:02
Failed can't resolve hostname ( Failed )
can't resolve hostname ( Failed ) 2024-06-30 11:20:02
Failed can't resolve hostname ( Failed )
can't resolve hostname ( Failed ) 2024-06-30 11:20:02
Failed can't resolve hostname ( Failed )
can't resolve hostname ( Failed ) 2024-06-30 11:20:02
Failed can't resolve hostname ( Failed )
can't resolve hostname ( Failed ) 2024-06-30 11:20:02
Failed can't resolve hostname ( Failed )
can't resolve hostname ( Failed ) 2024-06-30 11:20:02
Failed can't resolve hostname ( Failed )
can't resolve hostname ( Failed ) 2024-06-30 11:20:02
Failed can't resolve hostname ( Failed )
can't resolve hostname ( Failed ) 2024-06-30 11:20:02
Failed can't resolve hostname ( Failed )
can't resolve hostname ( Failed ) 2024-06-30 11:20:03
Failed can't resolve hostname ( Failed )
can't resolve hostname ( Failed ) 2024-06-30 11:20:03
Failed can't resolve hostname ( Failed )
can't resolve hostname ( Failed ) 2024-06-30 11:20:03
Failed can't resolve hostname ( Failed )
can't resolve hostname ( Failed ) 2024-06-30 11:20:03
Failed can't resolve hostname ( Failed )
can't resolve hostname ( Failed ) 2024-06-30 11:20:03
Failed can't resolve hostname ( Failed )
can't resolve hostname ( Failed ) 2024-06-30 11:20:03
Failed can't resolve hostname ( Failed )
can't resolve hostname ( Failed ) 2024-06-30 11:25:01
Failed can't resolve hostname ( Failed )
can't resolve hostname ( Failed ) 2024-06-30 11:25:01
Failed can't resolve hostname ( Failed )
can't resolve hostname ( Failed ) 2024-06-30 11:25:02
Failed can't resolve hostname ( Failed )
can't resolve hostname ( Failed ) 2024-06-30 11:25:07
Failed can't resolve hostname ( Failed )
can't resolve hostname ( Failed ) 2024-06-30 11:25:07
Failed can't resolve hostname ( Failed )
can't resolve hostname ( Failed ) 2024-06-30 11:25:07
Failed can't resolve hostname ( Failed )
can't resolve hostname ( Failed ) 2024-06-30 11:25:07
Failed can't resolve hostname ( Failed )
can't resolve hostname ( Failed ) 2024-06-30 11:25:07
Failed can't resolve hostname ( Failed )
can't resolve hostname ( Failed ) 2024-06-30 11:25:07
Failed can't resolve hostname ( Failed )
can't resolve hostname ( Failed ) 2024-06-30 11:25:07
Failed can't resolve hostname ( Failed )
can't resolve hostname ( Failed ) 2024-06-30 11:25:07
Failed can't resolve hostname ( Failed )
can't resolve hostname ( Failed ) 2024-06-30 11:25:07
Failed can't resolve hostname ( Failed )
can't resolve hostname ( Failed ) 2024-06-30 11:25:08
Failed can't resolve hostname ( Failed )
can't resolve hostname ( Failed ) 2024-06-30 11:25:08
Failed can't resolve hostname ( Failed )
can't resolve hostname ( Failed ) 2024-06-30 11:25:08
Failed can't resolve hostname ( Failed )
can't resolve hostname ( Failed ) 2024-06-30 11:25:08
Failed can't resolve hostname ( Failed )
can't resolve hostname ( Failed ) 2024-06-30 11:25:08
Failed can't resolve hostname ( Failed )
can't resolve hostname ( Failed ) 2024-06-30 11:25:08
Failed can't resolve hostname ( Failed )
can't resolve hostname ( Failed ) 2024-06-30 11:25:08
Failed can't resolve hostname ( Failed )
can't resolve hostname ( Failed ) 2024-06-30 11:25:08
Failed can't resolve hostname ( Failed )
can't resolve hostname ( Failed ) 2024-06-30 11:30:01
Failed can't resolve hostname ( Failed )
can't resolve hostname ( Failed ) 2024-06-30 11:30:01
Failed can't resolve hostname ( Failed )
can't resolve hostname ( Failed ) 2024-06-30 11:30:02
Failed can't resolve hostname ( Failed )
can't resolve hostname ( Failed ) 2024-06-30 11:30:02
Failed can't resolve hostname ( Failed )
can't resolve hostname ( Failed ) 2024-06-30 11:30:02
Failed can't resolve hostname ( Failed )
can't resolve hostname ( Failed ) 2024-06-30 11:30:02
Failed can't resolve hostname ( Failed )
can't resolve hostname ( Failed ) 2024-06-30 11:30:02
Failed can't resolve hostname ( Failed )
can't resolve hostname ( Failed ) 2024-06-30 11:30:02
Failed can't resolve hostname ( Failed )
can't resolve hostname ( Failed ) 2024-06-30 11:30:02
Failed can't resolve hostname ( Failed )
can't resolve hostname ( Failed ) 2024-06-30 11:30:02
Failed can't resolve hostname ( Failed )
can't resolve hostname ( Failed ) 2024-06-30 11:30:02
Failed can't resolve hostname ( Failed )
can't resolve hostname ( Failed ) 2024-06-30 11:30:02
Failed can't resolve hostname ( Failed )
can't resolve hostname ( Failed ) 2024-06-30 11:30:03
Failed can't resolve hostname ( Failed )
can't resolve hostname ( Failed ) 2024-06-30 11:30:03
Failed can't resolve hostname ( Failed )
can't resolve hostname ( Failed ) 2024-06-30 11:30:03
Failed can't resolve hostname ( Failed )
can't resolve hostname ( Failed ) 2024-06-30 11:30:03
Failed can't resolve hostname ( Failed )
can't resolve hostname ( Failed ) 2024-06-30 11:30:03
Failed can't resolve hostname ( Failed )
can't resolve hostname ( Failed ) 2024-06-30 11:30:03
Failed can't resolve hostname ( Failed )
can't resolve hostname ( Failed ) 2024-06-30 11:30:03
Failed can't resolve hostname ( Failed )
can't resolve hostname ( Failed ) 2024-06-30 11:30:03
Failed can't resolve hostname ( Failed )
can't resolve hostname ( Failed ) 2024-06-30 11:30:03
Failed can't resolve hostname ( Failed )
can't resolve hostname ( Failed ) 2024-06-30 11:35:02
Failed can't resolve hostname ( Failed )
can't resolve hostname ( Failed ) 2024-06-30 11:35:02
Failed can't resolve hostname ( Failed )
can't resolve hostname ( Failed ) 2024-06-30 11:35:02
Failed can't resolve hostname ( Failed )
can't resolve hostname ( Failed ) 2024-06-30 11:35:02
Failed can't resolve hostname ( Failed )
can't resolve hostname ( Failed ) 2024-06-30 11:35:02
Failed can't resolve hostname ( Failed )
can't resolve hostname ( Failed ) 2024-06-30 11:35:02
Failed can't resolve hostname ( Failed )
can't resolve hostname ( Failed ) 2024-06-30 11:35:02
Failed can't resolve hostname ( Failed )
can't resolve hostname ( Failed ) 2024-06-30 11:35:02
Failed can't resolve hostname ( Failed )
can't resolve hostname ( Failed ) 2024-06-30 11:35:02
Failed can't resolve hostname ( Failed )
can't resolve hostname ( Failed ) 2024-06-30 11:35:03
Failed can't resolve hostname ( Failed )
can't resolve hostname ( Failed ) 2024-06-30 11:35:03
Failed can't resolve hostname ( Failed )
can't resolve hostname ( Failed ) 2024-06-30 11:35:03
Failed can't resolve hostname ( Failed )
can't resolve hostname ( Failed ) 2024-06-30 11:35:03
Failed can't resolve hostname ( Failed )
can't resolve hostname ( Failed ) 2024-06-30 11:35:03
Failed can't resolve hostname ( Failed )
can't resolve hostname ( Failed ) 2024-06-30 11:35:03
Failed can't resolve hostname ( Failed )
can't resolve hostname ( Failed ) 2024-06-30 11:35:03
Failed can't resolve hostname ( Failed )
can't resolve hostname ( Failed ) 2024-06-30 11:35:03
Failed can't resolve hostname ( Failed )
can't resolve hostname ( Failed ) 2024-06-30 11:35:03
Failed can't resolve hostname ( Failed )
can't resolve hostname ( Failed ) 2024-06-30 11:35:03
Failed can't resolve hostname ( Failed )
can't resolve hostname ( Failed ) 2024-06-30 11:35:04
Failed can't resolve hostname ( Failed )
can't resolve hostname ( Failed ) 2024-06-30 11:35:04
Failed can't resolve hostname ( Failed )
can't resolve hostname ( Failed ) 2024-06-30 11:35:04
Failed can't resolve hostname ( Failed )
can't resolve hostname ( Failed ) 2024-06-30 11:40:01
Failed can't resolve hostname ( Failed )
can't resolve hostname ( Failed ) 2024-06-30 11:40:01
Failed can't resolve hostname ( Failed )
can't resolve hostname ( Failed ) 2024-06-30 11:40:01
Failed can't resolve hostname ( Failed )
can't resolve hostname ( Failed ) 2024-06-30 11:40:01
Failed can't resolve hostname ( Failed )
can't resolve hostname ( Failed ) 2024-06-30 11:40:02
Failed can't resolve hostname ( Failed )
can't resolve hostname ( Failed ) 2024-06-30 11:40:02
Failed can't resolve hostname ( Failed )
can't resolve hostname ( Failed ) 2024-06-30 11:40:02
Failed can't resolve hostname ( Failed )
can't resolve hostname ( Failed ) 2024-06-30 11:40:02
Failed can't resolve hostname ( Failed )
can't resolve hostname ( Failed ) 2024-06-30 11:40:02
Failed can't resolve hostname ( Failed )
can't resolve hostname ( Failed ) 2024-06-30 11:40:02
Failed can't resolve hostname ( Failed )
can't resolve hostname ( Failed ) 2024-06-30 11:40:02
Failed can't resolve hostname ( Failed )
can't resolve hostname ( Failed ) 2024-06-30 11:40:02
Failed can't resolve hostname ( Failed )
can't resolve hostname ( Failed ) 2024-06-30 11:40:02
Failed can't resolve hostname ( Failed )
can't resolve hostname ( Failed ) 2024-06-30 11:40:02
Failed can't resolve hostname ( Failed )
can't resolve hostname ( Failed ) 2024-06-30 11:40:03
Failed can't resolve hostname ( Failed )
can't resolve hostname ( Failed ) 2024-06-30 11:40:03
Failed can't resolve hostname ( Failed )
can't resolve hostname ( Failed ) 2024-06-30 11:40:03
Failed can't resolve hostname ( Failed )
can't resolve hostname ( Failed ) 2024-06-30 11:40:03
Failed can't resolve hostname ( Failed )
can't resolve hostname ( Failed ) 2024-06-30 11:40:03
Failed can't resolve hostname ( Failed )
can't resolve hostname ( Failed ) 2024-06-30 11:40:03
Failed can't resolve hostname ( Failed )
can't resolve hostname ( Failed ) 2024-06-30 11:40:03
Failed can't resolve hostname ( Failed )
can't resolve hostname ( Failed ) 2024-06-30 11:40:03
Failed can't resolve hostname ( Failed )
can't resolve hostname ( Failed ) 2024-06-30 11:40:03
Failed can't resolve hostname ( Failed )
can't resolve hostname ( Failed ) 2024-06-30 11:45:02
Failed can't resolve hostname ( Failed )
can't resolve hostname ( Failed ) 2024-06-30 11:45:02
Failed can't resolve hostname ( Failed )
can't resolve hostname ( Failed ) 2024-06-30 11:45:02
Failed can't resolve hostname ( Failed )
can't resolve hostname ( Failed ) 2024-06-30 11:45:02
Failed can't resolve hostname ( Failed )
can't resolve hostname ( Failed ) 2024-06-30 11:45:02
Failed can't resolve hostname ( Failed )
can't resolve hostname ( Failed ) 2024-06-30 11:45:02
Failed can't resolve hostname ( Failed )
can't resolve hostname ( Failed ) 2024-06-30 11:45:02
Failed can't resolve hostname ( Failed )
can't resolve hostname ( Failed ) 2024-06-30 11:45:02
Failed can't resolve hostname ( Failed )
can't resolve hostname ( Failed ) 2024-06-30 11:45:03
Failed can't resolve hostname ( Failed )
can't resolve hostname ( Failed ) 2024-06-30 11:45:03
Failed can't resolve hostname ( Failed )
can't resolve hostname ( Failed ) 2024-06-30 11:45:03
Failed can't resolve hostname ( Failed )
can't resolve hostname ( Failed ) 2024-06-30 11:45:03
Failed can't resolve hostname ( Failed )
can't resolve hostname ( Failed ) 2024-06-30 11:45:03
Failed can't resolve hostname ( Failed )
can't resolve hostname ( Failed ) 2024-06-30 11:45:03
Failed can't resolve hostname ( Failed )
can't resolve hostname ( Failed ) 2024-06-30 11:45:03
Failed can't resolve hostname ( Failed )
can't resolve hostname ( Failed ) 2024-06-30 11:45:03
Failed can't resolve hostname ( Failed )
can't resolve hostname ( Failed ) 2024-06-30 11:45:03
Failed can't resolve hostname ( Failed )
can't resolve hostname ( Failed ) 2024-06-30 11:45:03
Failed can't resolve hostname ( Failed )
can't resolve hostname ( Failed ) 2024-06-30 11:45:03
Failed can't resolve hostname ( Failed )
can't resolve hostname ( Failed ) 2024-06-30 11:45:09
Failed can't resolve hostname ( Failed )
can't resolve hostname ( Failed ) 2024-06-30 11:45:09
Failed can't resolve hostname ( Failed )
can't resolve hostname ( Failed ) 2024-06-30 11:45:09
Failed can't resolve hostname ( Failed )
can't resolve hostname ( Failed ) 2024-06-30 11:45:09
Failed can't resolve hostname ( Failed )
can't resolve hostname ( Failed ) 2024-06-30 11:45:09
Failed can't resolve hostname ( Failed )
can't resolve hostname ( Failed ) 2024-06-30 11:50:01
Failed can't resolve hostname ( Failed )
can't resolve hostname ( Failed ) 2024-06-30 11:50:01
Failed can't resolve hostname ( Failed )
can't resolve hostname ( Failed ) 2024-06-30 11:50:02
Failed can't resolve hostname ( Failed )
can't resolve hostname ( Failed ) 2024-06-30 11:50:02
Failed can't resolve hostname ( Failed )
can't resolve hostname ( Failed ) 2024-06-30 11:50:02
Failed can't resolve hostname ( Failed )
can't resolve hostname ( Failed ) 2024-06-30 11:50:02
Failed can't resolve hostname ( Failed )
can't resolve hostname ( Failed ) 2024-06-30 11:50:02
Failed can't resolve hostname ( Failed )
can't resolve hostname ( Failed ) 2024-06-30 11:50:02
Failed can't resolve hostname ( Failed )
can't resolve hostname ( Failed ) 2024-06-30 11:50:02
Failed can't resolve hostname ( Failed )
can't resolve hostname ( Failed ) 2024-06-30 11:50:02
Failed can't resolve hostname ( Failed )
can't resolve hostname ( Failed ) 2024-06-30 11:50:02
Failed can't resolve hostname ( Failed )
can't resolve hostname ( Failed ) 2024-06-30 11:50:03
Failed can't resolve hostname ( Failed )
can't resolve hostname ( Failed ) 2024-06-30 11:50:03
Failed can't resolve hostname ( Failed )
can't resolve hostname ( Failed ) 2024-06-30 11:50:03
Failed can't resolve hostname ( Failed )
can't resolve hostname ( Failed ) 2024-06-30 11:50:03
Failed can't resolve hostname ( Failed )
can't resolve hostname ( Failed ) 2024-06-30 11:50:03
Failed can't resolve hostname ( Failed )
can't resolve hostname ( Failed ) 2024-06-30 11:50:03
Failed can't resolve hostname ( Failed )
can't resolve hostname ( Failed ) 2024-06-30 11:50:03
Failed can't resolve hostname ( Failed )
can't resolve hostname ( Failed ) 2024-06-30 11:50:03
Failed can't resolve hostname ( Failed )
can't resolve hostname ( Failed ) 2024-06-30 11:50:03
Failed can't resolve hostname ( Failed )
can't resolve hostname ( Failed ) 2024-06-30 11:50:03
Failed can't resolve hostname ( Failed )
can't resolve hostname ( Failed ) 2024-06-30 11:50:03
Failed can't resolve hostname ( Failed )
can't resolve hostname ( Failed ) 2024-06-30 11:50:03
Failed can't resolve hostname ( Failed )
can't resolve hostname ( Failed ) 2024-06-30 11:50:03
from can't resolve hostname ( from )
can't resolve hostname ( from ) 2024-06-30 11:50:03
from can't resolve hostname ( from )
can't resolve hostname ( from ) 2024-06-30 11:50:03
from can't resolve hostname ( from )
can't resolve hostname ( from ) 2024-06-30 11:50:03
from can't resolve hostname ( from )
can't resolve hostname ( from ) 2024-06-30 11:50:03
from can't resolve hostname ( from )
can't resolve hostname ( from ) 2024-06-30 11:50:04
from can't resolve hostname ( from )
can't resolve hostname ( from ) 2024-06-30 11:50:04
from can't resolve hostname ( from )
can't resolve hostname ( from ) 2024-06-30 11:50:04
from can't resolve hostname ( from )
can't resolve hostname ( from ) 2024-06-30 11:50:04
from can't resolve hostname ( from )
can't resolve hostname ( from ) 2024-06-30 11:50:04
from can't resolve hostname ( from )
can't resolve hostname ( from ) 2024-06-30 11:50:04
from can't resolve hostname ( from )
can't resolve hostname ( from ) 2024-06-30 11:50:04
from can't resolve hostname ( from )
can't resolve hostname ( from ) 2024-06-30 11:50:04
from can't resolve hostname ( from )
can't resolve hostname ( from ) 2024-06-30 11:50:04
from can't resolve hostname ( from )
can't resolve hostname ( from ) 2024-06-30 11:50:04
from can't resolve hostname ( from )
can't resolve hostname ( from ) 2024-06-30 11:50:04
from can't resolve hostname ( from )
can't resolve hostname ( from ) 2024-06-30 11:50:04
from can't resolve hostname ( from )
can't resolve hostname ( from ) 2024-06-30 11:50:04
from can't resolve hostname ( from )
can't resolve hostname ( from ) 2024-06-30 11:50:04
from can't resolve hostname ( from )
can't resolve hostname ( from ) 2024-06-30 11:50:04
from can't resolve hostname ( from )
can't resolve hostname ( from ) 2024-06-30 11:50:04
from can't resolve hostname ( from )
can't resolve hostname ( from ) 2024-06-30 11:50:04
from can't resolve hostname ( from )
can't resolve hostname ( from ) 2024-06-30 11:50:04
from can't resolve hostname ( from )
can't resolve hostname ( from ) 2024-06-30 11:50:05
from can't resolve hostname ( from )
can't resolve hostname ( from ) 2024-06-30 11:50:05
from can't resolve hostname ( from )
can't resolve hostname ( from ) 2024-06-30 11:50:10
from can't resolve hostname ( from )
can't resolve hostname ( from ) 2024-06-30 11:50:10
from can't resolve hostname ( from )
can't resolve hostname ( from ) 2024-06-30 11:50:10
from can't resolve hostname ( from )
can't resolve hostname ( from ) 2024-06-30 11:50:10
from can't resolve hostname ( from )
can't resolve hostname ( from ) 2024-06-30 11:50:10
from can't resolve hostname ( from )
can't resolve hostname ( from ) 2024-06-30 11:50:10
from can't resolve hostname ( from )
can't resolve hostname ( from ) 2024-06-30 11:50:10
from can't resolve hostname ( from )
can't resolve hostname ( from ) 2024-06-30 11:50:10
from can't resolve hostname ( from )
can't resolve hostname ( from ) 2024-06-30 11:50:10
from can't resolve hostname ( from )
can't resolve hostname ( from ) 2024-06-30 11:50:11
from can't resolve hostname ( from )
can't resolve hostname ( from ) 2024-06-30 11:50:11
from can't resolve hostname ( from )
can't resolve hostname ( from ) 2024-06-30 11:50:11
from can't resolve hostname ( from )
can't resolve hostname ( from ) 2024-06-30 11:50:11
from can't resolve hostname ( from )
can't resolve hostname ( from ) 2024-06-30 11:50:11
from can't resolve hostname ( from )
can't resolve hostname ( from ) 2024-06-30 11:50:11
from can't resolve hostname ( from )
can't resolve hostname ( from ) 2024-06-30 11:50:11
from can't resolve hostname ( from )
can't resolve hostname ( from ) 2024-06-30 11:50:11
from can't resolve hostname ( from )
can't resolve hostname ( from ) 2024-06-30 11:50:11
from can't resolve hostname ( from )
can't resolve hostname ( from ) 2024-06-30 11:50:11
from can't resolve hostname ( from )
can't resolve hostname ( from ) 2024-06-30 11:50:11
from can't resolve hostname ( from )
can't resolve hostname ( from ) 2024-06-30 11:50:12
from can't resolve hostname ( from )
can't resolve hostname ( from ) 2024-06-30 11:50:12
from can't resolve hostname ( from )
can't resolve hostname ( from ) 2024-06-30 11:50:12
from can't resolve hostname ( from )
can't resolve hostname ( from ) 2024-06-30 11:50:12
from can't resolve hostname ( from )
can't resolve hostname ( from ) 2024-06-30 11:50:12
from can't resolve hostname ( from )
can't resolve hostname ( from ) 2024-06-30 11:50:12
from can't resolve hostname ( from )
can't resolve hostname ( from ) 2024-06-30 11:50:12
from can't resolve hostname ( from )
can't resolve hostname ( from ) 2024-06-30 11:50:12
from can't resolve hostname ( from )
can't resolve hostname ( from ) 2024-06-30 11:50:12
from can't resolve hostname ( from )
can't resolve hostname ( from ) 2024-06-30 11:50:12
from can't resolve hostname ( from )
can't resolve hostname ( from ) 2024-06-30 11:50:12
from can't resolve hostname ( from )
can't resolve hostname ( from ) 2024-06-30 11:50:13
from can't resolve hostname ( from )
can't resolve hostname ( from ) 2024-06-30 11:50:13
from can't resolve hostname ( from )
can't resolve hostname ( from ) 2024-06-30 11:50:13
from can't resolve hostname ( from )
can't resolve hostname ( from ) 2024-06-30 11:50:13
from can't resolve hostname ( from )
can't resolve hostname ( from ) 2024-06-30 11:50:13
from can't resolve hostname ( from )
can't resolve hostname ( from ) 2024-06-30 11:50:13
from can't resolve hostname ( from )
can't resolve hostname ( from ) 2024-06-30 11:50:13
from can't resolve hostname ( from )
can't resolve hostname ( from ) 2024-06-30 11:50:13
from can't resolve hostname ( from )
can't resolve hostname ( from ) 2024-06-30 11:50:13
from can't resolve hostname ( from )
can't resolve hostname ( from ) 2024-06-30 11:50:13
from can't resolve hostname ( from )
can't resolve hostname ( from ) 2024-06-30 11:50:13
from can't resolve hostname ( from )
can't resolve hostname ( from ) 2024-06-30 11:50:13
from can't resolve hostname ( from )
can't resolve hostname ( from ) 2024-06-30 11:50:13
from can't resolve hostname ( from )
can't resolve hostname ( from ) 2024-06-30 11:50:13
from can't resolve hostname ( from )
can't resolve hostname ( from ) 2024-06-30 11:50:13
from can't resolve hostname ( from )
can't resolve hostname ( from ) 2024-06-30 11:50:13
from can't resolve hostname ( from )
can't resolve hostname ( from ) 2024-06-30 11:50:14
from can't resolve hostname ( from )
can't resolve hostname ( from ) 2024-06-30 11:50:14
from can't resolve hostname ( from )
can't resolve hostname ( from ) 2024-06-30 11:50:14
from can't resolve hostname ( from )
can't resolve hostname ( from ) 2024-06-30 11:50:14
from can't resolve hostname ( from )
can't resolve hostname ( from ) 2024-06-30 11:50:14
from can't resolve hostname ( from )
can't resolve hostname ( from ) 2024-06-30 11:50:14
from can't resolve hostname ( from )
can't resolve hostname ( from ) 2024-06-30 11:50:14
from can't resolve hostname ( from )
can't resolve hostname ( from ) 2024-06-30 11:50:14
from can't resolve hostname ( from )
can't resolve hostname ( from ) 2024-06-30 11:50:14
from can't resolve hostname ( from )
can't resolve hostname ( from ) 2024-06-30 11:50:14
from can't resolve hostname ( from )
can't resolve hostname ( from ) 2024-06-30 11:50:14
from can't resolve hostname ( from )
can't resolve hostname ( from ) 2024-06-30 11:50:15
from can't resolve hostname ( from )
can't resolve hostname ( from ) 2024-06-30 11:50:15
from can't resolve hostname ( from )
can't resolve hostname ( from ) 2024-06-30 11:50:15
from can't resolve hostname ( from )
can't resolve hostname ( from ) 2024-06-30 11:50:15
from can't resolve hostname ( from )
can't resolve hostname ( from ) 2024-06-30 11:50:15
from can't resolve hostname ( from )
can't resolve hostname ( from ) 2024-06-30 11:50:15
from can't resolve hostname ( from )
can't resolve hostname ( from ) 2024-06-30 11:50:15
from can't resolve hostname ( from )
can't resolve hostname ( from ) 2024-06-30 11:50:15
from can't resolve hostname ( from )
can't resolve hostname ( from ) 2024-06-30 11:50:15
from can't resolve hostname ( from )
can't resolve hostname ( from ) 2024-06-30 11:50:15
from can't resolve hostname ( from )
can't resolve hostname ( from ) 2024-06-30 11:50:15
from can't resolve hostname ( from )
can't resolve hostname ( from ) 2024-06-30 11:50:15
from can't resolve hostname ( from )
can't resolve hostname ( from ) 2024-06-30 11:50:15
from can't resolve hostname ( from )
can't resolve hostname ( from ) 2024-06-30 11:50:15
from can't resolve hostname ( from )
can't resolve hostname ( from ) 2024-06-30 11:50:16
from can't resolve hostname ( from )
can't resolve hostname ( from ) 2024-06-30 11:50:16
from can't resolve hostname ( from )
can't resolve hostname ( from ) 2024-06-30 11:50:16
from can't resolve hostname ( from )
can't resolve hostname ( from ) 2024-06-30 11:50:16
from can't resolve hostname ( from )
can't resolve hostname ( from ) 2024-06-30 11:50:16
from can't resolve hostname ( from )
can't resolve hostname ( from ) 2024-06-30 11:50:16
from can't resolve hostname ( from )
can't resolve hostname ( from ) 2024-06-30 11:50:16
from can't resolve hostname ( from )
can't resolve hostname ( from ) 2024-06-30 11:50:16
from can't resolve hostname ( from )
can't resolve hostname ( from ) 2024-06-30 11:50:16
from can't resolve hostname ( from )
can't resolve hostname ( from ) 2024-06-30 11:50:16
from can't resolve hostname ( from )
can't resolve hostname ( from ) 2024-06-30 11:50:16
from can't resolve hostname ( from )
can't resolve hostname ( from ) 2024-06-30 11:50:16
from can't resolve hostname ( from )
can't resolve hostname ( from ) 2024-06-30 11:50:16
from can't resolve hostname ( from )
can't resolve hostname ( from ) 2024-06-30 11:50:16
from can't resolve hostname ( from )
can't resolve hostname ( from ) 2024-06-30 11:50:16
from can't resolve hostname ( from )
can't resolve hostname ( from ) 2024-06-30 11:50:16
from can't resolve hostname ( from )
can't resolve hostname ( from ) 2024-06-30 11:50:16
from can't resolve hostname ( from )
can't resolve hostname ( from ) 2024-06-30 11:50:17
from can't resolve hostname ( from )
can't resolve hostname ( from ) 2024-06-30 11:50:17
from can't resolve hostname ( from )
can't resolve hostname ( from ) 2024-06-30 11:50:17
from can't resolve hostname ( from )
can't resolve hostname ( from ) 2024-06-30 11:50:17
from can't resolve hostname ( from )
can't resolve hostname ( from ) 2024-06-30 11:50:17
from can't resolve hostname ( from )
can't resolve hostname ( from ) 2024-06-30 11:50:17
from can't resolve hostname ( from )
can't resolve hostname ( from ) 2024-06-30 11:50:17
from can't resolve hostname ( from )
can't resolve hostname ( from ) 2024-06-30 11:50:17
from can't resolve hostname ( from )
can't resolve hostname ( from ) 2024-06-30 11:50:17
from can't resolve hostname ( from )
can't resolve hostname ( from ) 2024-06-30 11:50:17
from can't resolve hostname ( from )
can't resolve hostname ( from ) 2024-06-30 11:50:17
from can't resolve hostname ( from )
can't resolve hostname ( from ) 2024-06-30 11:50:17
from can't resolve hostname ( from )
can't resolve hostname ( from ) 2024-06-30 11:50:17
from can't resolve hostname ( from )
can't resolve hostname ( from ) 2024-06-30 11:50:17
from can't resolve hostname ( from )
can't resolve hostname ( from ) 2024-06-30 11:50:17
from can't resolve hostname ( from )
can't resolve hostname ( from ) 2024-06-30 11:50:17
from can't resolve hostname ( from )
can't resolve hostname ( from ) 2024-06-30 11:50:17
from can't resolve hostname ( from )
can't resolve hostname ( from ) 2024-06-30 11:50:17
from can't resolve hostname ( from )
can't resolve hostname ( from ) 2024-06-30 11:50:18
from can't resolve hostname ( from )
can't resolve hostname ( from ) 2024-06-30 11:50:18
from can't resolve hostname ( from )
can't resolve hostname ( from ) 2024-06-30 11:50:18
from can't resolve hostname ( from )
can't resolve hostname ( from ) 2024-06-30 11:50:18
from can't resolve hostname ( from )
can't resolve hostname ( from ) 2024-06-30 11:50:18
from can't resolve hostname ( from )
can't resolve hostname ( from ) 2024-06-30 11:50:18
from can't resolve hostname ( from )
can't resolve hostname ( from ) 2024-06-30 11:50:18
from can't resolve hostname ( from )
can't resolve hostname ( from ) 2024-06-30 11:50:18
from can't resolve hostname ( from )
can't resolve hostname ( from ) 2024-06-30 11:50:18
from can't resolve hostname ( from )
can't resolve hostname ( from ) 2024-06-30 11:50:18
from can't resolve hostname ( from )
can't resolve hostname ( from ) 2024-06-30 11:50:18
from can't resolve hostname ( from )
can't resolve hostname ( from ) 2024-06-30 11:50:18
from can't resolve hostname ( from )
can't resolve hostname ( from ) 2024-06-30 11:50:18
from can't resolve hostname ( from )
can't resolve hostname ( from ) 2024-06-30 11:50:18
from can't resolve hostname ( from )
can't resolve hostname ( from ) 2024-06-30 11:50:18
from can't resolve hostname ( from )
can't resolve hostname ( from ) 2024-06-30 11:50:18
from can't resolve hostname ( from )
can't resolve hostname ( from ) 2024-06-30 11:50:18
from can't resolve hostname ( from )
can't resolve hostname ( from ) 2024-06-30 11:50:18
from can't resolve hostname ( from )
can't resolve hostname ( from ) 2024-06-30 11:50:19
from can't resolve hostname ( from )
can't resolve hostname ( from ) 2024-06-30 11:50:19
from can't resolve hostname ( from )
can't resolve hostname ( from ) 2024-06-30 11:50:19
from can't resolve hostname ( from )
can't resolve hostname ( from ) 2024-06-30 11:50:19
from can't resolve hostname ( from )
can't resolve hostname ( from ) 2024-06-30 11:50:19
from can't resolve hostname ( from )
can't resolve hostname ( from ) 2024-06-30 11:50:19
from can't resolve hostname ( from )
can't resolve hostname ( from ) 2024-06-30 11:50:19
from can't resolve hostname ( from )
can't resolve hostname ( from ) 2024-06-30 11:50:19
from can't resolve hostname ( from )
can't resolve hostname ( from ) 2024-06-30 11:50:19
from can't resolve hostname ( from )
can't resolve hostname ( from ) 2024-06-30 11:50:19
from can't resolve hostname ( from )
can't resolve hostname ( from ) 2024-06-30 11:50:19
from can't resolve hostname ( from )
can't resolve hostname ( from ) 2024-06-30 11:50:19
from can't resolve hostname ( from )
can't resolve hostname ( from ) 2024-06-30 11:50:19
from can't resolve hostname ( from )
can't resolve hostname ( from ) 2024-06-30 11:50:19
from can't resolve hostname ( from )
can't resolve hostname ( from ) 2024-06-30 11:50:19
from can't resolve hostname ( from )
can't resolve hostname ( from ) 2024-06-30 11:50:19
from can't resolve hostname ( from )
can't resolve hostname ( from ) 2024-06-30 11:50:19
from can't resolve hostname ( from )
can't resolve hostname ( from ) 2024-06-30 11:50:19
from can't resolve hostname ( from )
can't resolve hostname ( from ) 2024-06-30 11:50:19
from can't resolve hostname ( from )
can't resolve hostname ( from ) 2024-06-30 11:50:20
from can't resolve hostname ( from )
can't resolve hostname ( from ) 2024-06-30 11:50:20
from can't resolve hostname ( from )
can't resolve hostname ( from ) 2024-06-30 11:50:20
from can't resolve hostname ( from )
can't resolve hostname ( from ) 2024-06-30 11:50:20
from can't resolve hostname ( from )
can't resolve hostname ( from ) 2024-06-30 11:50:20
from can't resolve hostname ( from )
can't resolve hostname ( from ) 2024-06-30 11:50:20
from can't resolve hostname ( from )
can't resolve hostname ( from ) 2024-06-30 11:50:20
from can't resolve hostname ( from )
can't resolve hostname ( from ) 2024-06-30 11:50:20
from can't resolve hostname ( from )
can't resolve hostname ( from ) 2024-06-30 11:50:20
from can't resolve hostname ( from )
can't resolve hostname ( from ) 2024-06-30 11:50:20
from can't resolve hostname ( from )
can't resolve hostname ( from ) 2024-06-30 11:50:20
from can't resolve hostname ( from )
can't resolve hostname ( from ) 2024-06-30 11:50:20
from can't resolve hostname ( from )
can't resolve hostname ( from ) 2024-06-30 11:50:20
from can't resolve hostname ( from )
can't resolve hostname ( from ) 2024-06-30 11:50:20
from can't resolve hostname ( from )
can't resolve hostname ( from ) 2024-06-30 11:50:20
from can't resolve hostname ( from )
can't resolve hostname ( from ) 2024-06-30 11:50:20
from can't resolve hostname ( from )
can't resolve hostname ( from ) 2024-06-30 11:50:20
from can't resolve hostname ( from )
can't resolve hostname ( from ) 2024-06-30 11:50:20
from can't resolve hostname ( from )
can't resolve hostname ( from ) 2024-06-30 11:50:21
from can't resolve hostname ( from )
can't resolve hostname ( from ) 2024-06-30 11:50:21
from can't resolve hostname ( from )
can't resolve hostname ( from ) 2024-06-30 11:50:21
from can't resolve hostname ( from )
can't resolve hostname ( from ) 2024-06-30 11:50:21
from can't resolve hostname ( from )
can't resolve hostname ( from ) 2024-06-30 11:50:21
from can't resolve hostname ( from )
can't resolve hostname ( from ) 2024-06-30 11:50:21
from can't resolve hostname ( from )
can't resolve hostname ( from ) 2024-06-30 11:50:21
from can't resolve hostname ( from )
can't resolve hostname ( from ) 2024-06-30 11:50:21
from can't resolve hostname ( from )
can't resolve hostname ( from ) 2024-06-30 11:50:21
from can't resolve hostname ( from )
can't resolve hostname ( from ) 2024-06-30 11:50:21
from can't resolve hostname ( from )
can't resolve hostname ( from ) 2024-06-30 11:50:21
from can't resolve hostname ( from )
can't resolve hostname ( from ) 2024-06-30 11:50:21
from can't resolve hostname ( from )
can't resolve hostname ( from ) 2024-06-30 11:50:21
from can't resolve hostname ( from )
can't resolve hostname ( from ) 2024-06-30 11:50:21
from can't resolve hostname ( from )
can't resolve hostname ( from ) 2024-06-30 11:50:21
from can't resolve hostname ( from )
can't resolve hostname ( from ) 2024-06-30 11:50:21
from can't resolve hostname ( from )
can't resolve hostname ( from ) 2024-06-30 11:50:21
from can't resolve hostname ( from )
can't resolve hostname ( from ) 2024-06-30 11:50:21
from can't resolve hostname ( from )
can't resolve hostname ( from ) 2024-06-30 11:50:21
from can't resolve hostname ( from )
can't resolve hostname ( from ) 2024-06-30 11:50:22
from can't resolve hostname ( from )
can't resolve hostname ( from ) 2024-06-30 11:50:22
Failed can't resolve hostname ( Failed )
can't resolve hostname ( Failed ) 2024-06-30 11:50:22
